<?xml version="1.0" encoding="UTF-8"?>
<!-- Generated by org.testng.reporters.JUnitReportReporter -->
<testsuite hostname="LAPTOP-8QE8IR6F" failures="0" tests="5" name="TestNG.TestScript1" time="0.016" errors="0" timestamp="2024-12-06T10:54:37 IST" skipped="0">
  <testcase classname="TestNG.TestScript1" name="CreateProduct" time="0.013"/>
  <system-out/>
  <testcase classname="TestNG.TestScript1" name="ModifyProduct" time="0.001"/>
  <system-out/>
  <testcase classname="TestNG.TestScript1" name="DeleteProduct" time="0.001"/>
  <system-out/>
  <testcase classname="TestNG.TestScript1" name="ModifyProduct" time="0.000"/>
  <system-out/>
  <testcase classname="TestNG.TestScript1" name="ModifyProduct" time="0.001"/>
  <system-out/>
</testsuite> <!-- TestNG.TestScript1 -->
