<?xml version="1.0" encoding="UTF-8"?>
<!-- Generated by org.testng.reporters.JUnitReportReporter -->
<testsuite hostname="LAPTOP-8QE8IR6F" failures="0" tests="3" name="TestNG.DataProviderExp1" time="0.020" errors="0" timestamp="2024-11-30T11:43:28 IST" skipped="0">
  <testcase classname="TestNG.DataProviderExp1" name="BookTickets" time="0.016"/>
  <system-out/>
  <testcase classname="TestNG.DataProviderExp1" name="BookTickets" time="0.003"/>
  <system-out/>
  <testcase classname="TestNG.DataProviderExp1" name="BookTickets" time="0.001"/>
  <system-out/>
</testsuite> <!-- TestNG.DataProviderExp1 -->
