<?xml version="1.0" encoding="UTF-8"?>
<!-- Generated by org.testng.reporters.JUnitReportReporter -->
<testsuite hostname="LAPTOP-8QE8IR6F" failures="0" tests="1" name="Campaigns.Campaign_Popup" time="49.443" errors="0" timestamp="2024-12-15T23:25:02 IST" skipped="0">
  <testcase classname="Campaigns.Campaign_Popup" name="Campaign_Popup" time="49.443"/>
  <system-out/>
</testsuite> <!-- Campaigns.Campaign_Popup -->
