<?xml version="1.0" encoding="UTF-8"?>
<!-- Generated by org.testng.reporters.JUnitReportReporter -->
<testsuite hostname="LAPTOP-8QE8IR6F" failures="0" tests="1" name="TestNG.SampleTest" time="0.011" errors="0" timestamp="2024-12-13T13:18:35 IST" skipped="0">
  <testcase classname="TestNG.SampleTest" name="m1" time="0.011"/>
  <system-out/>
</testsuite> <!-- TestNG.SampleTest -->
