<?xml version="1.0" encoding="UTF-8"?>
<!-- Generated by org.testng.reporters.JUnitReportReporter -->
<testsuite hostname="LAPTOP-8QE8IR6F" failures="0" tests="3"
	name="Selenium_Basic.Script" time="0.023" errors="0"
	timestamp="2024-10-04T10:55:18 IST" skipped="0">
	<testcase classname="Selenium_Basic.Script" name="CreateAccount"
		time="0.019">
		<system-out>
      <![CDATA[Create Account]]>
    </system-out>
	</testcase> <!-- CreateAccount -->
	<testcase classname="Selenium_Basic.Script" name="DeleteAccount"
		time="0.002">
		<system-out>
      <![CDATA[Delete Account]]>
    </system-out>
	</testcase> <!-- DeleteAccount -->
	<testcase classname="Selenium_Basic.Script" name="EditAccount" time="0.002">
		<system-out>
      <![CDATA[Edit Account]]>
    </system-out>
	</testcase> <!-- EditAccount -->
	<system-out>
    <![CDATA[Create Account
Delete Account
Edit Account]]>
  </system-out>
</testsuite> <!-- Selenium_Basic.Script -->
