<?xml version="1.0" encoding="UTF-8"?>
<!-- Generated by org.testng.reporters.JUnitReportReporter -->
<testsuite hostname="LAPTOP-8QE8IR6F" failures="0" tests="1" name="TestNG.SoftAssertEx" time="0.018" errors="0" timestamp="2024-12-07T11:54:13 IST" skipped="0">
  <testcase classname="TestNG.SoftAssertEx" name="m1" time="0.018"/>
  <system-out/>
</testsuite> <!-- TestNG.SoftAssertEx -->
